\BOOKMARK [1][-]{section.1}{\376\377\0001\000.\000\040\004\037\004\076\004\101\004\102\004\060\004\075\004\076\004\062\004\072\004\060\000\040\004\067\004\060\004\064\004\060\004\107\004\070}{}% 1
\BOOKMARK [1][-]{section.2}{\376\377\0002\000.\000\040\004\035\004\065\004\076\004\061\004\105\004\076\004\064\004\070\004\074\004\113\004\065\000\040\004\103\004\101\004\073\004\076\004\062\004\070\004\117}{}% 2
\BOOKMARK [1][-]{section.3}{\376\377\0003\000.\000\040\004\020\004\075\004\060\004\073\004\070\004\102\004\070\004\107\004\065\004\101\004\072\004\076\004\065\000\040\004\100\004\065\004\110\004\065\004\075\004\070\004\065\000\040\004\062\000\040\004\101\004\073\004\103\004\107\004\060\004\065\000\040\000=\000\040\0000}{}% 3
\BOOKMARK [1][-]{section.4}{\376\377\0004\000.\000\040\004\040\004\065\004\067\004\103\004\073\004\114\004\102\004\060\004\102\004\113}{}% 4
\BOOKMARK [2][-]{subsection.4.1}{\376\377\000=\000\040\0000\000.\0000\0000\0000\0000\0000\0000}{section.4}% 5
\BOOKMARK [2][-]{subsection.4.2}{\376\377\000=\000\040\0000\000.\0005\0000\0000\0000\0000\0000}{section.4}% 6
\BOOKMARK [2][-]{subsection.4.3}{\376\377\000=\000\040\0001\000.\0000\0000\0000\0000\0000\0000}{section.4}% 7
\BOOKMARK [2][-]{subsection.4.4}{\376\377\000=\000\040\0001\000.\0005\0000\0000\0000\0000\0000}{section.4}% 8
\BOOKMARK [2][-]{subsection.4.5}{\376\377\000=\000\040\0002\000.\0000\0000\0000\0000\0000\0000}{section.4}% 9
\BOOKMARK [2][-]{subsection.4.6}{\376\377\000=\000\040\0002\000.\0005\0000\0000\0000\0000\0000}{section.4}% 10
\BOOKMARK [2][-]{subsection.4.7}{\376\377\000=\000\040\0003\000.\0000\0000\0000\0000\0000\0000}{section.4}% 11
\BOOKMARK [2][-]{subsection.4.8}{\376\377\000=\000\040\0003\000.\0005\0000\0000\0000\0000\0000}{section.4}% 12
\BOOKMARK [2][-]{subsection.4.9}{\376\377\000=\000\040\0004\000.\0000\0000\0000\0000\0000\0000}{section.4}% 13
\BOOKMARK [2][-]{subsection.4.10}{\376\377\000=\000\040\0004\000.\0005\0000\0000\0000\0000\0000}{section.4}% 14
\BOOKMARK [2][-]{subsection.4.11}{\376\377\000=\000\040\0005\000.\0000\0000\0000\0000\0000\0000}{section.4}% 15
\BOOKMARK [2][-]{subsection.4.12}{\376\377\000=\000\040\0005\000.\0005\0000\0000\0000\0000\0000}{section.4}% 16
\BOOKMARK [2][-]{subsection.4.13}{\376\377\000=\000\040\0006\000.\0000\0000\0000\0000\0000\0000}{section.4}% 17
\BOOKMARK [2][-]{subsection.4.14}{\376\377\000=\000\040\0006\000.\0005\0000\0000\0000\0000\0000}{section.4}% 18
\BOOKMARK [2][-]{subsection.4.15}{\376\377\000=\000\040\0007\000.\0000\0000\0000\0000\0000\0000}{section.4}% 19
\BOOKMARK [2][-]{subsection.4.16}{\376\377\000=\000\040\0007\000.\0005\0000\0000\0000\0000\0000}{section.4}% 20
\BOOKMARK [2][-]{subsection.4.17}{\376\377\000=\000\040\0008\000.\0000\0000\0000\0000\0000\0000}{section.4}% 21
\BOOKMARK [2][-]{subsection.4.18}{\376\377\000=\000\040\0008\000.\0005\0000\0000\0000\0000\0000}{section.4}% 22
\BOOKMARK [2][-]{subsection.4.19}{\376\377\000=\000\040\0009\000.\0000\0000\0000\0000\0000\0000}{section.4}% 23
\BOOKMARK [2][-]{subsection.4.20}{\376\377\000=\000\040\0009\000.\0005\0000\0000\0000\0000\0000}{section.4}% 24
\BOOKMARK [2][-]{subsection.4.21}{\376\377\000=\000\040\0001\0000\000.\0000\0000\0000\0000\0000\0000}{section.4}% 25
\BOOKMARK [2][-]{subsection.4.22}{\376\377\000=\000\040\0001\0000\000.\0005\0000\0000\0000\0000\0000}{section.4}% 26
\BOOKMARK [2][-]{subsection.4.23}{\376\377\000=\000\040\0001\0001\000.\0000\0000\0000\0000\0000\0000}{section.4}% 27
\BOOKMARK [2][-]{subsection.4.24}{\376\377\000=\000\040\0001\0001\000.\0005\0000\0000\0000\0000\0000}{section.4}% 28
\BOOKMARK [2][-]{subsection.4.25}{\376\377\000=\000\040\0001\0002\000.\0000\0000\0000\0000\0000\0000}{section.4}% 29
\BOOKMARK [2][-]{subsection.4.26}{\376\377\000=\000\040\0001\0002\000.\0005\0000\0000\0000\0000\0000}{section.4}% 30
\BOOKMARK [2][-]{subsection.4.27}{\376\377\000=\000\040\0001\0003\000.\0000\0000\0000\0000\0000\0000}{section.4}% 31
\BOOKMARK [2][-]{subsection.4.28}{\376\377\000=\000\040\0001\0003\000.\0005\0000\0000\0000\0000\0000}{section.4}% 32
\BOOKMARK [2][-]{subsection.4.29}{\376\377\000=\000\040\0001\0004\000.\0000\0000\0000\0000\0000\0000}{section.4}% 33
\BOOKMARK [2][-]{subsection.4.30}{\376\377\000=\000\040\0001\0004\000.\0005\0000\0000\0000\0000\0000}{section.4}% 34
\BOOKMARK [2][-]{subsection.4.31}{\376\377\000=\000\040\0001\0005\000.\0000\0000\0000\0000\0000\0000}{section.4}% 35
\BOOKMARK [2][-]{subsection.4.32}{\376\377\000=\000\040\0001\0005\000.\0005\0000\0000\0000\0000\0000}{section.4}% 36
\BOOKMARK [2][-]{subsection.4.33}{\376\377\000=\000\040\0001\0006\000.\0000\0000\0000\0000\0000\0000}{section.4}% 37
\BOOKMARK [2][-]{subsection.4.34}{\376\377\000=\000\040\0001\0006\000.\0005\0000\0000\0000\0000\0000}{section.4}% 38
\BOOKMARK [2][-]{subsection.4.35}{\376\377\000=\000\040\0001\0007\000.\0000\0000\0000\0000\0000\0000}{section.4}% 39
\BOOKMARK [2][-]{subsection.4.36}{\376\377\000=\000\040\0001\0007\000.\0005\0000\0000\0000\0000\0000}{section.4}% 40
\BOOKMARK [2][-]{subsection.4.37}{\376\377\000=\000\040\0001\0008\000.\0000\0000\0000\0000\0000\0000}{section.4}% 41
\BOOKMARK [2][-]{subsection.4.38}{\376\377\000=\000\040\0001\0008\000.\0005\0000\0000\0000\0000\0000}{section.4}% 42
\BOOKMARK [2][-]{subsection.4.39}{\376\377\000=\000\040\0001\0009\000.\0000\0000\0000\0000\0000\0000}{section.4}% 43
\BOOKMARK [2][-]{subsection.4.40}{\376\377\000=\000\040\0001\0009\000.\0005\0000\0000\0000\0000\0000}{section.4}% 44
\BOOKMARK [2][-]{subsection.4.41}{\376\377\000=\000\040\0002\0000\000.\0000\0000\0000\0000\0000\0000}{section.4}% 45
\BOOKMARK [2][-]{subsection.4.42}{\376\377\000=\000\040\0002\0000\000.\0005\0000\0000\0000\0000\0000}{section.4}% 46
\BOOKMARK [2][-]{subsection.4.43}{\376\377\000=\000\040\0002\0001\000.\0000\0000\0000\0000\0000\0000}{section.4}% 47
\BOOKMARK [2][-]{subsection.4.44}{\376\377\000=\000\040\0002\0001\000.\0005\0000\0000\0000\0000\0000}{section.4}% 48
\BOOKMARK [2][-]{subsection.4.45}{\376\377\000=\000\040\0002\0002\000.\0000\0000\0000\0000\0000\0000}{section.4}% 49
\BOOKMARK [2][-]{subsection.4.46}{\376\377\000=\000\040\0002\0002\000.\0005\0000\0000\0000\0000\0000}{section.4}% 50
\BOOKMARK [2][-]{subsection.4.47}{\376\377\000=\000\040\0002\0003\000.\0000\0000\0000\0000\0000\0000}{section.4}% 51
\BOOKMARK [2][-]{subsection.4.48}{\376\377\000=\000\040\0002\0003\000.\0005\0000\0000\0000\0000\0000}{section.4}% 52
\BOOKMARK [2][-]{subsection.4.49}{\376\377\000=\000\040\0002\0004\000.\0000\0000\0000\0000\0000\0000}{section.4}% 53
\BOOKMARK [2][-]{subsection.4.50}{\376\377\000=\000\040\0002\0004\000.\0005\0000\0000\0000\0000\0000}{section.4}% 54
\BOOKMARK [2][-]{subsection.4.51}{\376\377\000=\000\040\0002\0005\000.\0000\0000\0000\0000\0000\0000}{section.4}% 55
\BOOKMARK [1][-]{section.5}{\376\377\0005\000.\000\040\004\023\004\100\004\060\004\104\004\070\004\072\004\070\000\040\004\075\004\065\004\072\004\076\004\102\004\076\004\100\004\113\004\105\000\040\004\100\004\065\004\110\004\065\004\075\004\070\004\071}{}% 56
